Compiling the CXX compiler identification source file "CMakeCXXCompilerId.cpp" failed.
Compiler: /usr/bin/c++ 
Build flags: -std=c++20;-Wall
Id flags:  

The output was:
1
c++: error: unrecognized command line option ‘-std=c++20’; did you mean ‘-std=c++2a’?


Compiling the CXX compiler identification source file "CMakeCXXCompilerId.cpp" failed.
Compiler: /usr/bin/c++ 
Build flags: -std=c++20;-Wall
Id flags: -c 

The output was:
1
c++: error: unrecognized command line option ‘-std=c++20’; did you mean ‘-std=c++2a’?


Compiling the CXX compiler identification source file "CMakeCXXCompilerId.cpp" failed.
Compiler: /usr/bin/c++ 
Build flags: -std=c++20;-Wall
Id flags: --c++ 

The output was:
1
c++: error: unrecognized command line option ‘-std=c++20’; did you mean ‘-std=c++2a’?
c++: error: unrecognized command line option ‘--c++’


Compiling the CXX compiler identification source file "CMakeCXXCompilerId.cpp" failed.
Compiler: /usr/bin/c++ 
Build flags: -std=c++20;-Wall
Id flags: --ec++ 

The output was:
1
c++: error: unrecognized command line option ‘-std=c++20’; did you mean ‘-std=c++2a’?
c++: error: unrecognized command line option ‘--ec++’; did you mean ‘-Weffc++’?


Determining if the CXX compiler works failed with the following output:
Change Dir: /home/screw/Learning/C++/std/optional/build/CMakeFiles/CMakeTmp

Run Build Command:"/usr/bin/make" "cmTC_760f5/fast"
/usr/bin/make -f CMakeFiles/cmTC_760f5.dir/build.make CMakeFiles/cmTC_760f5.dir/build
make[1]: 进入目录“/home/screw/Learning/C++/std/optional/build/CMakeFiles/CMakeTmp”
Building CXX object CMakeFiles/cmTC_760f5.dir/testCXXCompiler.cxx.o
/usr/bin/c++    -std=c++20 -Wall    -o CMakeFiles/cmTC_760f5.dir/testCXXCompiler.cxx.o -c /home/screw/Learning/C++/std/optional/build/CMakeFiles/CMakeTmp/testCXXCompiler.cxx
c++: error: unrecognized command line option ‘-std=c++20’; did you mean ‘-std=c++2a’?
make[1]: *** [CMakeFiles/cmTC_760f5.dir/build.make:66：CMakeFiles/cmTC_760f5.dir/testCXXCompiler.cxx.o] 错误 1
make[1]: 离开目录“/home/screw/Learning/C++/std/optional/build/CMakeFiles/CMakeTmp”
make: *** [Makefile:121：cmTC_760f5/fast] 错误 2


